mode: set
near-location/internal/service/userService.go:26.54,30.2 1 1
near-location/internal/service/userService.go:32.176,34.22 2 1
near-location/internal/service/userService.go:34.22,37.3 2 1
near-location/internal/service/userService.go:38.2,39.16 2 1
near-location/internal/service/userService.go:39.16,41.3 1 1
near-location/internal/service/userService.go:42.2,42.27 1 1
near-location/internal/service/userService_mock.go:27.67,31.2 3 0
near-location/internal/service/userService_mock.go:34.65,36.2 1 0
near-location/internal/service/userService_mock.go:39.168,45.2 5 0
near-location/internal/service/userService_mock.go:48.138,51.2 2 0
near-location/internal/service/userService_mock.go:65.73,69.2 3 1
near-location/internal/service/userService_mock.go:72.71,74.2 1 1
near-location/internal/service/userService_mock.go:77.161,83.2 5 1
near-location/internal/service/userService_mock.go:86.131,89.2 2 1
