mode: set
near-location/internal/service/userService.go:23.54,27.2 1 1
near-location/internal/service/userService.go:29.191,32.16 3 1
near-location/internal/service/userService.go:32.16,34.3 1 1
near-location/internal/service/userService.go:35.2,35.34 1 1
near-location/internal/service/userService_mock.go:27.67,31.2 3 0
near-location/internal/service/userService_mock.go:34.65,36.2 1 0
near-location/internal/service/userService_mock.go:39.189,46.2 6 0
near-location/internal/service/userService_mock.go:49.144,52.2 2 0
near-location/internal/service/userService_mock.go:66.73,70.2 3 1
near-location/internal/service/userService_mock.go:73.71,75.2 1 1
near-location/internal/service/userService_mock.go:78.176,85.2 6 1
near-location/internal/service/userService_mock.go:88.131,91.2 2 1
